{"C:\\Users\\kwist\\OneDrive\\Desktop\\testing(phantom)\\phantom-fe-dream-team\\src\\App.js": {"path":"C:\\Users\\kwist\\OneDrive\\Desktop\\testing(phantom)\\phantom-fe-dream-team\\src\\App.js","statementMap":{"0":{"start":{"line":3,"column":4},"end":{"line":6,"column":11}}},"fnMap":{"0":{"name":"App","decl":{"start":{"line":2,"column":9},"end":{"line":2,"column":12}},"loc":{"start":{"line":2,"column":15},"end":{"line":7,"column":1}},"line":2}},"branchMap":{},"s":{"0":1},"f":{"0":1},"b":{},"_coverageSchema":"1a1c01bbd47fc00a2c39e90264f33305004495a9","hash":"0ff979bd7fe0da562ba407636c732467af88a9ae"}
,"C:\\Users\\kwist\\OneDrive\\Desktop\\testing(phantom)\\phantom-fe-dream-team\\src\\index.js": {"path":"C:\\Users\\kwist\\OneDrive\\Desktop\\testing(phantom)\\phantom-fe-dream-team\\src\\index.js","statementMap":{"0":{"start":{"line":5,"column":0},"end":{"line":5,"column":56}}},"fnMap":{},"branchMap":{},"s":{"0":0},"f":{},"b":{}}
}
