{"/Users/andelarwanda/Desktop/final-project/final-app/phantom-fe-dream-team/src/components/RoutesDashboard/UpdateRoute.js": {"path":"/Users/andelarwanda/Desktop/final-project/final-app/phantom-fe-dream-team/src/components/RoutesDashboard/UpdateRoute.js","statementMap":{"0":{"start":{"line":9,"column":21},"end":{"line":9,"column":34}},"1":{"start":{"line":10,"column":34},"end":{"line":10,"column":46}},"2":{"start":{"line":11,"column":28},"end":{"line":11,"column":40}},"3":{"start":{"line":12,"column":24},"end":{"line":12,"column":36}},"4":{"start":{"line":13,"column":43},"end":{"line":13,"column":55}},"5":{"start":{"line":15,"column":36},"end":{"line":15,"column":48}},"6":{"start":{"line":16,"column":30},"end":{"line":16,"column":42}},"7":{"start":{"line":17,"column":4},"end":{"line":127,"column":5}},"8":{"start":{"line":35,"column":20},"end":{"line":35,"column":51}},"9":{"start":{"line":46,"column":18},"end":{"line":46,"column":46}},"10":{"start":{"line":57,"column":16},"end":{"line":57,"column":42}},"11":{"start":{"line":68,"column":18},"end":{"line":68,"column":54}},"12":{"start":{"line":80,"column":18},"end":{"line":80,"column":50}},"13":{"start":{"line":91,"column":18},"end":{"line":91,"column":47}},"14":{"start":{"line":105,"column":12},"end":{"line":114,"column":14}}},"fnMap":{"0":{"name":"UpdateRoute","decl":{"start":{"line":5,"column":9},"end":{"line":5,"column":20}},"loc":{"start":{"line":5,"column":23},"end":{"line":128,"column":1}},"line":5},"1":{"name":"(anonymous_1)","decl":{"start":{"line":34,"column":28},"end":{"line":34,"column":29}},"loc":{"start":{"line":34,"column":39},"end":{"line":36,"column":19}},"line":34},"2":{"name":"(anonymous_2)","decl":{"start":{"line":45,"column":27},"end":{"line":45,"column":28}},"loc":{"start":{"line":45,"column":38},"end":{"line":47,"column":17}},"line":45},"3":{"name":"(anonymous_3)","decl":{"start":{"line":56,"column":25},"end":{"line":56,"column":26}},"loc":{"start":{"line":56,"column":36},"end":{"line":58,"column":15}},"line":56},"4":{"name":"(anonymous_4)","decl":{"start":{"line":67,"column":27},"end":{"line":67,"column":28}},"loc":{"start":{"line":67,"column":38},"end":{"line":69,"column":17}},"line":67},"5":{"name":"(anonymous_5)","decl":{"start":{"line":79,"column":27},"end":{"line":79,"column":28}},"loc":{"start":{"line":79,"column":38},"end":{"line":81,"column":17}},"line":79},"6":{"name":"(anonymous_6)","decl":{"start":{"line":90,"column":27},"end":{"line":90,"column":28}},"loc":{"start":{"line":90,"column":38},"end":{"line":92,"column":17}},"line":90},"7":{"name":"(anonymous_7)","decl":{"start":{"line":104,"column":20},"end":{"line":104,"column":21}},"loc":{"start":{"line":104,"column":26},"end":{"line":115,"column":11}},"line":104}},"branchMap":{},"s":{"0":0,"1":0,"2":0,"3":0,"4":0,"5":0,"6":0,"7":0,"8":0,"9":0,"10":0,"11":0,"12":0,"13":0,"14":0},"f":{"0":0,"1":0,"2":0,"3":0,"4":0,"5":0,"6":0,"7":0},"b":{}}
}
