TN:
SF:src/components/Dashboard/TopNavbar.js
FN:7,TopNavbar
FNF:1
FNH:1
FNDA:14,TopNavbar
DA:8,14
DA:9,14
LF:2
LH:2
BRF:0
BRH:0
end_of_record
TN:
SF:src/components/Dashboard/dashboard.js
FN:12,Dashboard
FNF:1
FNH:0
FNDA:0,Dashboard
DA:13,0
LF:1
LH:0
BRF:0
BRH:0
end_of_record
TN:
SF:src/components/RoutesDashboard/AddnewRoutes.js
FN:7,AddnewRoutes
FN:19,(anonymous_1)
FN:35,(anonymous_2)
FN:46,(anonymous_3)
FN:56,(anonymous_4)
FN:66,(anonymous_5)
FN:77,(anonymous_6)
FN:87,(anonymous_7)
FN:100,(anonymous_8)
FNF:9
FNH:1
FNDA:2,AddnewRoutes
FNDA:0,(anonymous_1)
FNDA:0,(anonymous_2)
FNDA:0,(anonymous_3)
FNDA:0,(anonymous_4)
FNDA:0,(anonymous_5)
FNDA:0,(anonymous_6)
FNDA:0,(anonymous_7)
FNDA:0,(anonymous_8)
DA:8,2
DA:9,2
DA:10,2
DA:11,2
DA:12,2
DA:14,2
DA:15,2
DA:16,2
DA:19,0
DA:36,0
DA:47,0
DA:57,0
DA:67,0
DA:78,0
DA:88,0
DA:101,0
LF:16
LH:8
BRF:0
BRH:0
end_of_record
TN:
SF:src/components/RoutesDashboard/RoutesDashboard.js
FN:9,RoutesDashboard
FN:11,(anonymous_1)
FN:15,(anonymous_2)
FN:34,(anonymous_3)
FN:50,(anonymous_4)
FNF:5
FNH:3
FNDA:7,RoutesDashboard
FNDA:6,(anonymous_1)
FNDA:0,(anonymous_2)
FNDA:18,(anonymous_3)
FNDA:0,(anonymous_4)
DA:10,7
DA:11,6
DA:13,6
DA:15,0
DA:35,18
DA:51,0
LF:6
LH:4
BRF:0
BRH:0
end_of_record
TN:
SF:src/components/RoutesDashboard/UpdateRoute.js
FN:7,UpdateRoute
FN:36,(anonymous_1)
FN:46,(anonymous_2)
FN:56,(anonymous_3)
FN:66,(anonymous_4)
FN:77,(anonymous_5)
FN:87,(anonymous_6)
FN:100,(anonymous_7)
FNF:8
FNH:1
FNDA:2,UpdateRoute
FNDA:0,(anonymous_1)
FNDA:0,(anonymous_2)
FNDA:0,(anonymous_3)
FNDA:0,(anonymous_4)
FNDA:0,(anonymous_5)
FNDA:0,(anonymous_6)
FNDA:0,(anonymous_7)
DA:11,2
DA:12,2
DA:13,2
DA:14,2
DA:15,2
DA:17,2
DA:18,2
DA:19,2
DA:37,0
DA:47,0
DA:57,0
DA:67,0
DA:78,0
DA:88,0
DA:101,0
LF:15
LH:8
BRF:0
BRH:0
end_of_record
